Copyright 1986-2019 Xilinx, Inc. All Rights Reserved.
-----------------------------------------------------------------------------------------------------------------------------------------------
| Tool Version : Vivado v.2019.1 (win64) Build 2552052 Fri May 24 14:49:42 MDT 2019
| Date         : Tue Dec 10 18:59:34 2024
| Host         : DESKTOP-CICGLIN running 64-bit major release  (build 9200)
| Command      : report_methodology -file ALU_methodology_drc_routed.rpt -pb ALU_methodology_drc_routed.pb -rpx ALU_methodology_drc_routed.rpx
| Design       : ALU
| Device       : xc7a35tcpg236-1
| Speed File   : -1
| Design State : Fully Routed
-----------------------------------------------------------------------------------------------------------------------------------------------

Report Methodology

Table of Contents
-----------------
1. REPORT SUMMARY
2. REPORT DETAILS

1. REPORT SUMMARY
-----------------
            Netlist: netlist
          Floorplan: design_1
      Design limits: <entire design considered>
             Max violations: <unlimited>
             Violations found: 5
+-----------+----------+-------------------+------------+
| Rule      | Severity | Description       | Violations |
+-----------+----------+-------------------+------------+
| TIMING-20 | Warning  | Non-clocked latch | 5          |
+-----------+----------+-------------------+------------+

2. REPORT DETAILS
-----------------
TIMING-20#1 Warning
Non-clocked latch  
The latch Flags_OBUFT[3]_inst_i_2 cannot be properly analyzed as its control pin Flags_OBUFT[3]_inst_i_2/G is not reached by a timing clock
Related violations: <none>

TIMING-20#2 Warning
Non-clocked latch  
The latch Flags_OBUFT[4]_inst_i_2 cannot be properly analyzed as its control pin Flags_OBUFT[4]_inst_i_2/G is not reached by a timing clock
Related violations: <none>

TIMING-20#3 Warning
Non-clocked latch  
The latch ahl/tempFlags_reg[2] cannot be properly analyzed as its control pin ahl/tempFlags_reg[2]/G is not reached by a timing clock
Related violations: <none>

TIMING-20#4 Warning
Non-clocked latch  
The latch ahl/tempFlags_reg[4] cannot be properly analyzed as its control pin ahl/tempFlags_reg[4]/G is not reached by a timing clock
Related violations: <none>

TIMING-20#5 Warning
Non-clocked latch  
The latch sh/tempFlags_reg[3] cannot be properly analyzed as its control pin sh/tempFlags_reg[3]/G is not reached by a timing clock
Related violations: <none>


